2026-03-31 16:34:54 - INFO - === 应用启动 ===
2026-03-31 16:35:18 - INFO - === 应用启动 ===
2026-03-31 16:35:23 - INFO - 文件上传成功: test1.xlsx, 12476行 x 12列
2026-03-31 16:35:23 - INFO - === 应用启动 ===
2026-03-31 16:35:39 - INFO - === 应用启动 ===
2026-03-31 16:35:42 - INFO - === 应用启动 ===
2026-03-31 16:35:47 - INFO - === 应用启动 ===
2026-03-31 16:35:52 - INFO - === 应用启动 ===
2026-03-31 16:35:59 - INFO - === 应用启动 ===
2026-03-31 16:36:02 - INFO - === 应用启动 ===
2026-03-31 16:36:05 - INFO - === 应用启动 ===
2026-03-31 16:36:10 - INFO - === 应用启动 ===
2026-03-31 16:36:15 - INFO - === 应用启动 ===
2026-03-31 16:36:19 - INFO - === 应用启动 ===
2026-03-31 16:36:25 - INFO - === 应用启动 ===
2026-03-31 16:36:29 - INFO - === 应用启动 ===
2026-03-31 16:36:35 - INFO - === 应用启动 ===
2026-03-31 16:37:49 - INFO - === 应用启动 ===
2026-03-31 16:38:07 - INFO - === 应用启动 ===
2026-03-31 16:52:03 - INFO - === 应用启动 ===
2026-03-31 16:52:10 - INFO - === 应用启动 ===
2026-03-31 16:52:16 - INFO - 文件上传成功: test1.xlsx, 12476行 x 12列
2026-03-31 16:52:16 - INFO - === 应用启动 ===
2026-03-31 16:59:38 - INFO - === 应用启动 ===
2026-03-31 16:59:44 - INFO - === 应用启动 ===
2026-03-31 16:59:56 - INFO - === 应用启动 ===
2026-03-31 16:59:58 - INFO - === 应用启动 ===
2026-03-31 17:00:07 - INFO - === 应用启动 ===
2026-03-31 17:00:13 - INFO - === 应用启动 ===
2026-03-31 17:00:17 - INFO - === 应用启动 ===
2026-03-31 17:00:21 - INFO - === 应用启动 ===
2026-03-31 17:00:23 - INFO - === 应用启动 ===
2026-03-31 17:00:30 - INFO - === 应用启动 ===
2026-03-31 17:00:33 - INFO - === 应用启动 ===
2026-03-31 17:00:38 - INFO - === 应用启动 ===
2026-03-31 17:00:44 - INFO - === 应用启动 ===
2026-03-31 17:01:10 - INFO - === 应用启动 ===
2026-03-31 17:09:21 - INFO - === 应用启动 ===
2026-03-31 17:10:24 - INFO - === 应用启动 ===
2026-03-31 17:10:30 - INFO - 文件上传成功: test1.xlsx, 12476行 x 12列
2026-03-31 17:10:30 - INFO - === 应用启动 ===
2026-03-31 17:10:44 - INFO - === 应用启动 ===
2026-03-31 17:10:48 - INFO - === 应用启动 ===
2026-03-31 17:10:52 - INFO - === 应用启动 ===
2026-03-31 17:10:54 - INFO - === 应用启动 ===
2026-03-31 17:11:05 - INFO - === 应用启动 ===
2026-03-31 17:11:10 - INFO - === 应用启动 ===
2026-03-31 17:11:13 - INFO - === 应用启动 ===
2026-03-31 17:11:22 - INFO - === 应用启动 ===
2026-03-31 17:11:25 - INFO - === 应用启动 ===
2026-03-31 17:11:31 - INFO - === 应用启动 ===
2026-03-31 17:11:33 - INFO - === 应用启动 ===
2026-03-31 17:11:36 - INFO - === 应用启动 ===
2026-03-31 17:11:43 - INFO - === 应用启动 ===
2026-03-31 17:13:15 - INFO - === 应用启动 ===
2026-03-31 19:06:11 - INFO - === 应用启动 ===
2026-03-31 19:31:56 - INFO - === 应用启动 ===
2026-03-31 19:32:08 - INFO - === 应用启动 ===
2026-03-31 19:32:14 - INFO - 文件上传成功: test1.xlsx, 12476行 x 12列
2026-03-31 19:32:14 - INFO - === 应用启动 ===
2026-03-31 19:32:58 - INFO - === 应用启动 ===
2026-03-31 19:33:02 - INFO - === 应用启动 ===
2026-03-31 19:33:14 - INFO - === 应用启动 ===
2026-03-31 19:33:16 - INFO - === 应用启动 ===
2026-03-31 19:33:20 - INFO - === 应用启动 ===
2026-03-31 19:33:25 - INFO - === 应用启动 ===
2026-03-31 19:33:27 - INFO - === 应用启动 ===
2026-03-31 19:33:31 - INFO - === 应用启动 ===
2026-03-31 19:33:34 - INFO - === 应用启动 ===
2026-03-31 19:33:39 - INFO - === 应用启动 ===
2026-03-31 19:33:41 - INFO - === 应用启动 ===
2026-03-31 19:33:45 - INFO - === 应用启动 ===
2026-03-31 19:40:27 - INFO - === 应用启动 ===
2026-03-31 19:40:39 - INFO - === 应用启动 ===
2026-03-31 19:40:45 - INFO - 文件上传成功: test1.xlsx, 12476行 x 12列
2026-03-31 19:40:45 - INFO - === 应用启动 ===
2026-03-31 19:47:17 - INFO - === 应用启动 ===
2026-03-31 19:47:21 - INFO - === 应用启动 ===
2026-03-31 19:47:24 - INFO - === 应用启动 ===
2026-03-31 19:47:35 - INFO - === 应用启动 ===
2026-03-31 19:47:39 - INFO - === 应用启动 ===
2026-03-31 19:47:44 - INFO - === 应用启动 ===
2026-03-31 19:47:46 - INFO - === 应用启动 ===
2026-03-31 19:47:50 - INFO - === 应用启动 ===
2026-03-31 19:47:53 - INFO - === 应用启动 ===
2026-03-31 19:47:56 - INFO - === 应用启动 ===
2026-03-31 19:48:04 - INFO - === 应用启动 ===
2026-03-31 19:48:10 - INFO - === 应用启动 ===
2026-03-31 20:21:44 - INFO - === 应用启动 ===
2026-03-31 20:21:57 - INFO - === 应用启动 ===
2026-03-31 20:21:57 - INFO - 文件上传成功: test.xlsx, 158行 x 13列
2026-03-31 20:21:57 - INFO - === 应用启动 ===
2026-03-31 22:31:39 - INFO - === 应用启动 ===
2026-03-31 22:31:56 - INFO - === 应用启动 ===
2026-03-31 22:32:02 - INFO - 文件上传成功: test1.xlsx, 12476行 x 12列
2026-03-31 22:32:02 - INFO - === 应用启动 ===
2026-03-31 22:32:13 - INFO - === 应用启动 ===
2026-03-31 22:32:19 - INFO - === 应用启动 ===
2026-03-31 22:32:22 - INFO - === 应用启动 ===
2026-03-31 22:32:24 - INFO - === 应用启动 ===
2026-03-31 22:32:33 - INFO - === 应用启动 ===
2026-03-31 22:32:37 - INFO - === 应用启动 ===
2026-03-31 22:32:40 - INFO - === 应用启动 ===
2026-03-31 22:32:47 - INFO - === 应用启动 ===
2026-03-31 22:32:51 - INFO - === 应用启动 ===
2026-03-31 22:32:56 - INFO - === 应用启动 ===
2026-03-31 22:33:00 - INFO - === 应用启动 ===
2026-03-31 22:33:10 - INFO - === 应用启动 ===
2026-03-31 22:33:16 - INFO - === 应用启动 ===
2026-04-01 12:01:23 - INFO - === 应用启动 ===
2026-04-01 12:01:41 - INFO - === 应用启动 ===
2026-04-01 12:01:47 - INFO - 文件上传成功: test1.xlsx, 12476行 x 12列
2026-04-01 12:01:47 - INFO - === 应用启动 ===
2026-04-01 12:01:59 - INFO - === 应用启动 ===
2026-04-01 12:02:03 - INFO - === 应用启动 ===
2026-04-01 12:02:05 - INFO - === 应用启动 ===
2026-04-01 12:02:15 - INFO - === 应用启动 ===
2026-04-01 12:02:18 - INFO - === 应用启动 ===
2026-04-01 12:02:21 - INFO - === 应用启动 ===
2026-04-01 12:02:23 - INFO - === 应用启动 ===
2026-04-01 12:02:26 - INFO - === 应用启动 ===
2026-04-01 12:02:31 - INFO - === 应用启动 ===
2026-04-01 12:02:34 - INFO - === 应用启动 ===
2026-04-01 12:02:36 - INFO - === 应用启动 ===
2026-04-01 12:02:42 - INFO - === 应用启动 ===
2026-04-01 12:03:03 - INFO - === 应用启动 ===
2026-04-01 12:03:12 - INFO - === 应用启动 ===
2026-04-01 12:03:18 - INFO - === 应用启动 ===
2026-04-01 12:09:53 - INFO - === 应用启动 ===
2026-04-01 12:10:12 - INFO - === 应用启动 ===
2026-04-01 12:10:18 - INFO - 文件上传成功: test1.xlsx, 12476行 x 12列
2026-04-01 12:10:18 - INFO - === 应用启动 ===
2026-04-01 12:10:50 - INFO - === 应用启动 ===
2026-04-01 12:10:54 - INFO - === 应用启动 ===
2026-04-01 12:10:56 - INFO - === 应用启动 ===
2026-04-01 12:11:01 - INFO - === 应用启动 ===
2026-04-01 12:11:02 - INFO - === 应用启动 ===
2026-04-01 12:11:05 - INFO - === 应用启动 ===
2026-04-01 12:11:09 - INFO - === 应用启动 ===
2026-04-01 12:11:14 - INFO - === 应用启动 ===
2026-04-01 12:11:30 - INFO - === 应用启动 ===
2026-04-01 12:11:33 - INFO - === 应用启动 ===
2026-04-01 12:11:35 - INFO - === 应用启动 ===
2026-04-01 12:20:45 - INFO - === 应用启动 ===
2026-04-01 12:20:53 - INFO - === 应用启动 ===
2026-04-01 12:20:59 - INFO - 文件上传成功: test1.xlsx, 12476行 x 12列
2026-04-01 12:20:59 - INFO - === 应用启动 ===
2026-04-01 12:21:25 - INFO - === 应用启动 ===
2026-04-01 12:21:29 - INFO - === 应用启动 ===
2026-04-01 12:21:31 - INFO - === 应用启动 ===
2026-04-01 12:21:35 - INFO - === 应用启动 ===
2026-04-01 12:21:38 - INFO - === 应用启动 ===
2026-04-01 12:21:40 - INFO - === 应用启动 ===
2026-04-01 12:21:43 - INFO - === 应用启动 ===
2026-04-01 12:21:45 - INFO - === 应用启动 ===
2026-04-01 12:21:49 - INFO - === 应用启动 ===
2026-04-01 12:21:51 - INFO - === 应用启动 ===
2026-04-01 12:21:53 - INFO - === 应用启动 ===
2026-04-01 12:21:59 - INFO - === 应用启动 ===
2026-04-01 12:50:17 - INFO - === 应用启动 ===
2026-04-01 12:51:45 - INFO - === 应用启动 ===
2026-04-01 12:51:50 - INFO - 文件上传成功: test1.xlsx, 12476行 x 12列
2026-04-01 12:51:50 - INFO - === 应用启动 ===
2026-04-01 12:52:02 - INFO - === 应用启动 ===
2026-04-01 12:52:07 - INFO - === 应用启动 ===
2026-04-01 12:52:11 - INFO - === 应用启动 ===
2026-04-01 12:52:14 - INFO - === 应用启动 ===
2026-04-01 12:52:18 - INFO - === 应用启动 ===
2026-04-01 12:52:23 - INFO - === 应用启动 ===
2026-04-01 12:52:26 - INFO - === 应用启动 ===
2026-04-01 12:52:29 - INFO - === 应用启动 ===
2026-04-01 12:52:33 - INFO - === 应用启动 ===
2026-04-01 12:52:38 - INFO - === 应用启动 ===
2026-04-01 12:52:46 - INFO - === 应用启动 ===
2026-04-01 12:52:52 - INFO - === 应用启动 ===
2026-04-01 12:52:58 - INFO - === 应用启动 ===
2026-04-01 13:46:59 - INFO - === 应用启动 ===
2026-04-01 13:47:18 - INFO - === 应用启动 ===
2026-04-01 13:47:23 - INFO - 文件上传成功: test1.xlsx, 12476行 x 12列
2026-04-01 13:47:23 - INFO - === 应用启动 ===
2026-04-01 13:47:41 - INFO - === 应用启动 ===
2026-04-01 13:47:45 - INFO - === 应用启动 ===
2026-04-01 13:47:48 - INFO - === 应用启动 ===
2026-04-01 13:47:52 - INFO - === 应用启动 ===
2026-04-01 13:47:57 - INFO - === 应用启动 ===
2026-04-01 13:48:01 - INFO - === 应用启动 ===
2026-04-01 13:48:03 - INFO - === 应用启动 ===
2026-04-01 13:48:07 - INFO - === 应用启动 ===
2026-04-01 13:48:21 - INFO - === 应用启动 ===
2026-04-01 13:48:25 - INFO - === 应用启动 ===
2026-04-01 13:48:27 - INFO - === 应用启动 ===
2026-04-01 13:48:34 - INFO - === 应用启动 ===
2026-04-01 15:59:23 - INFO - === 应用启动 ===
2026-04-01 16:04:27 - INFO - === 应用启动 ===
2026-04-01 16:04:33 - INFO - 文件上传成功: test1.xlsx, 12476行 x 12列
2026-04-01 16:04:33 - INFO - === 应用启动 ===
2026-04-01 16:04:51 - INFO - === 应用启动 ===
2026-04-01 16:04:55 - INFO - === 应用启动 ===
2026-04-01 16:04:58 - INFO - === 应用启动 ===
2026-04-01 16:05:00 - INFO - === 应用启动 ===
2026-04-01 16:05:05 - INFO - === 应用启动 ===
2026-04-01 16:05:13 - INFO - === 应用启动 ===
2026-04-01 16:05:30 - INFO - === 应用启动 ===
2026-04-01 16:05:34 - INFO - === 应用启动 ===
2026-04-01 16:05:38 - INFO - === 应用启动 ===
2026-04-01 16:05:42 - INFO - === 应用启动 ===
2026-04-01 16:05:45 - INFO - === 应用启动 ===
2026-04-01 16:05:47 - INFO - === 应用启动 ===
2026-04-01 16:05:54 - INFO - === 应用启动 ===
2026-04-01 17:18:29 - INFO - === 应用启动 ===
2026-04-01 17:18:55 - INFO - === 应用启动 ===
2026-04-01 17:19:00 - INFO - 文件上传成功: test1.xlsx, 12476行 x 12列
2026-04-01 17:19:00 - INFO - === 应用启动 ===
2026-04-01 18:52:30 - INFO - === 应用启动 ===
2026-04-01 18:52:31 - INFO - === 应用启动 ===
2026-04-01 18:52:44 - INFO - 文件上传成功: test2.xlsx, 17973行 x 22列
2026-04-01 18:52:44 - INFO - === 应用启动 ===
2026-04-01 18:52:52 - INFO - === 应用启动 ===
2026-04-01 18:52:54 - INFO - === 应用启动 ===
2026-04-01 18:53:03 - INFO - === 应用启动 ===
2026-04-01 18:53:09 - INFO - === 应用启动 ===
2026-04-01 18:53:20 - INFO - === 应用启动 ===
2026-04-01 18:53:28 - INFO - === 应用启动 ===
2026-04-01 18:53:34 - INFO - === 应用启动 ===
2026-04-01 19:20:40 - INFO - === 应用启动 ===
2026-04-01 19:20:41 - INFO - === 应用启动 ===
2026-04-01 19:20:54 - INFO - 文件上传成功: test2.xlsx, 17973行 x 23列
2026-04-01 19:20:54 - INFO - === 应用启动 ===
2026-04-01 19:21:14 - INFO - === 应用启动 ===
2026-04-01 19:21:16 - INFO - === 应用启动 ===
2026-04-01 19:21:22 - INFO - === 应用启动 ===
2026-04-01 19:21:26 - INFO - === 应用启动 ===
2026-04-01 19:21:31 - INFO - === 应用启动 ===
2026-04-01 19:21:38 - INFO - === 应用启动 ===
2026-04-01 19:21:42 - INFO - === 应用启动 ===
2026-04-01 19:21:48 - INFO - === 应用启动 ===
2026-04-01 19:21:54 - INFO - === 应用启动 ===
2026-04-01 19:22:01 - INFO - === 应用启动 ===
2026-04-01 19:22:06 - INFO - === 应用启动 ===
2026-04-01 19:22:18 - INFO - === 应用启动 ===
2026-04-01 19:22:23 - INFO - === 应用启动 ===
2026-04-01 19:22:31 - INFO - === 应用启动 ===
2026-04-01 19:29:51 - INFO - === 应用启动 ===
2026-04-01 19:30:02 - INFO - === 应用启动 ===
2026-04-01 19:31:31 - INFO - 文件上传成功: test2.xlsx, 1048575行 x 26列
2026-04-01 19:31:31 - INFO - === 应用启动 ===
2026-04-01 19:32:09 - INFO - === 应用启动 ===
2026-04-01 19:32:19 - INFO - === 应用启动 ===
2026-04-01 19:33:48 - INFO - 文件上传成功: test2.xlsx, 1048575行 x 26列
2026-04-01 19:33:48 - INFO - === 应用启动 ===
2026-04-01 19:40:12 - INFO - === 应用启动 ===
2026-04-01 19:40:28 - INFO - === 应用启动 ===
2026-04-01 19:41:57 - INFO - 文件上传成功: test2.xlsx, 1048575行 x 26列
2026-04-01 19:41:58 - INFO - === 应用启动 ===
2026-04-01 19:44:53 - INFO - === 应用启动 ===
2026-04-01 19:45:10 - INFO - === 应用启动 ===
2026-04-01 19:45:11 - INFO - 文件上传成功: test.xlsx, 158行 x 13列
2026-04-01 19:45:11 - INFO - === 应用启动 ===
2026-04-01 19:46:09 - INFO - === 应用启动 ===
2026-04-01 19:46:10 - INFO - === 应用启动 ===
2026-04-01 19:47:41 - INFO - 文件上传成功: test2.xlsx, 1048575行 x 26列
2026-04-01 19:47:42 - INFO - === 应用启动 ===
2026-04-01 19:49:23 - INFO - === 应用启动 ===
2026-04-01 19:49:23 - INFO - 开始执行去重操作
2026-04-01 19:49:23 - INFO - 执行去重操作: subset=None, keep=first
2026-04-01 19:49:25 - INFO - 去重完成: 1048575 -> 17974 行
2026-04-01 19:49:26 - INFO - 去重完成: (1048575, 26) -> (17974, 26)
2026-04-01 19:49:26 - INFO - === 应用启动 ===
2026-04-01 19:49:31 - INFO - === 应用启动 ===
2026-04-01 19:49:46 - INFO - === 应用启动 ===
2026-04-01 19:49:57 - INFO - === 应用启动 ===
2026-04-01 19:50:01 - INFO - === 应用启动 ===
2026-04-01 19:50:06 - INFO - === 应用启动 ===
2026-04-01 19:50:22 - INFO - === 应用启动 ===
2026-04-01 19:50:42 - INFO - === 应用启动 ===
2026-04-01 19:50:51 - INFO - === 应用启动 ===
2026-04-01 19:50:57 - INFO - === 应用启动 ===
2026-04-01 19:51:04 - INFO - === 应用启动 ===
2026-04-01 19:51:07 - INFO - === 应用启动 ===
2026-04-01 19:51:12 - INFO - === 应用启动 ===
2026-04-01 19:51:19 - INFO - === 应用启动 ===
2026-04-01 19:51:30 - INFO - === 应用启动 ===
2026-04-01 19:51:38 - INFO - === 应用启动 ===
2026-04-01 20:04:57 - INFO - === 应用启动 ===
2026-04-01 20:05:07 - INFO - === 应用启动 ===
2026-04-01 20:06:36 - INFO - 文件上传成功: test2.xlsx, 1048575行 x 23列
2026-04-01 20:06:37 - INFO - === 应用启动 ===
2026-04-01 20:08:34 - INFO - === 应用启动 ===
2026-04-01 20:09:14 - INFO - === 应用启动 ===
2026-04-01 20:10:06 - INFO - === 应用启动 ===
2026-04-01 20:10:07 - INFO - === 应用启动 ===
2026-04-01 20:10:31 - INFO - === 应用启动 ===
2026-04-01 20:10:32 - INFO - 开始执行去重操作
2026-04-01 20:10:32 - INFO - 执行去重操作: subset=None, keep=first
2026-04-01 20:10:44 - INFO - 去重完成: 1048575 -> 17974 行
2026-04-01 20:10:45 - INFO - 去重完成: (1048575, 23) -> (17974, 23)
2026-04-01 20:10:45 - INFO - === 应用启动 ===
2026-04-02 12:27:08 - INFO - === 应用启动 ===
2026-04-02 12:27:21 - INFO - === 应用启动 ===
2026-04-02 12:28:47 - INFO - 文件上传成功: test2.xlsx, 1048575行 x 23列
2026-04-02 12:28:48 - INFO - === 应用启动 ===
2026-04-02 12:32:11 - INFO - === 应用启动 ===
2026-04-02 12:32:21 - INFO - === 应用启动 ===
2026-04-02 12:33:45 - INFO - 文件上传成功: test2.xlsx, 1048575行 x 23列
2026-04-02 12:33:46 - INFO - === 应用启动 ===
2026-04-02 12:37:50 - INFO - === 应用启动 ===
2026-04-02 12:37:59 - INFO - === 应用启动 ===
2026-04-02 12:38:11 - INFO - 文件上传成功: test2.xlsx, 17973行 x 23列
2026-04-02 12:38:11 - INFO - === 应用启动 ===
2026-04-02 12:38:54 - INFO - === 应用启动 ===
2026-04-02 12:38:59 - INFO - === 应用启动 ===
2026-04-02 12:39:06 - INFO - === 应用启动 ===
2026-04-02 12:39:10 - INFO - === 应用启动 ===
2026-04-02 12:39:15 - INFO - === 应用启动 ===
2026-04-02 12:39:32 - INFO - === 应用启动 ===
2026-04-02 12:39:35 - INFO - === 应用启动 ===
2026-04-02 12:39:39 - INFO - === 应用启动 ===
2026-04-02 12:39:44 - INFO - === 应用启动 ===
2026-04-02 12:39:54 - INFO - === 应用启动 ===
2026-04-02 12:40:02 - INFO - === 应用启动 ===
2026-04-02 12:40:11 - INFO - === 应用启动 ===
2026-04-02 12:40:25 - INFO - === 应用启动 ===
2026-04-02 12:40:33 - INFO - === 应用启动 ===
2026-04-02 12:53:32 - INFO - === 应用启动 ===
2026-04-02 12:54:09 - INFO - === 应用启动 ===
2026-04-02 12:54:21 - INFO - 文件上传成功: test2.xlsx, 17973行 x 23列
2026-04-02 12:54:21 - INFO - === 应用启动 ===
2026-04-02 12:54:48 - INFO - === 应用启动 ===
2026-04-02 12:54:51 - INFO - === 应用启动 ===
2026-04-02 12:54:55 - INFO - === 应用启动 ===
2026-04-02 12:54:59 - INFO - === 应用启动 ===
2026-04-02 12:55:04 - INFO - === 应用启动 ===
2026-04-02 12:55:10 - INFO - === 应用启动 ===
2026-04-02 12:55:13 - INFO - === 应用启动 ===
2026-04-02 12:55:16 - INFO - === 应用启动 ===
2026-04-02 12:55:23 - INFO - === 应用启动 ===
2026-04-02 12:55:29 - INFO - === 应用启动 ===
2026-04-02 12:55:44 - INFO - === 应用启动 ===
2026-04-02 12:55:51 - INFO - === 应用启动 ===
2026-04-02 12:56:06 - INFO - === 应用启动 ===
2026-04-02 12:56:13 - INFO - === 应用启动 ===
2026-04-02 13:03:42 - INFO - === 应用启动 ===
2026-04-02 13:03:49 - INFO - === 应用启动 ===
2026-04-02 13:04:01 - INFO - 文件上传成功: test2.xlsx, 17973行 x 23列
2026-04-02 13:04:02 - INFO - === 应用启动 ===
2026-04-02 13:04:14 - INFO - === 应用启动 ===
2026-04-02 13:04:18 - INFO - === 应用启动 ===
2026-04-02 13:04:22 - INFO - === 应用启动 ===
2026-04-02 13:04:28 - INFO - === 应用启动 ===
2026-04-02 13:04:37 - INFO - === 应用启动 ===
2026-04-02 13:04:41 - INFO - === 应用启动 ===
2026-04-02 13:04:47 - INFO - === 应用启动 ===
2026-04-02 13:04:56 - INFO - === 应用启动 ===
2026-04-02 13:05:02 - INFO - === 应用启动 ===
2026-04-02 13:05:08 - INFO - === 应用启动 ===
2026-04-02 13:05:13 - INFO - === 应用启动 ===
2026-04-02 13:05:24 - INFO - === 应用启动 ===
2026-04-02 13:05:40 - INFO - === 应用启动 ===
2026-04-02 13:05:47 - INFO - === 应用启动 ===
2026-04-02 13:14:59 - INFO - === 应用启动 ===
2026-04-02 13:15:17 - INFO - === 应用启动 ===
2026-04-02 13:15:29 - INFO - 文件上传成功: test2.xlsx, 17973行 x 23列
2026-04-02 13:15:29 - INFO - === 应用启动 ===
2026-04-02 13:16:28 - INFO - === 应用启动 ===
2026-04-02 13:16:33 - INFO - === 应用启动 ===
2026-04-02 13:16:37 - INFO - === 应用启动 ===
2026-04-02 13:16:43 - INFO - === 应用启动 ===
2026-04-02 13:16:52 - INFO - === 应用启动 ===
2026-04-02 13:16:54 - INFO - === 应用启动 ===
2026-04-02 13:16:58 - INFO - === 应用启动 ===
2026-04-02 13:17:03 - INFO - === 应用启动 ===
2026-04-02 13:17:08 - INFO - === 应用启动 ===
2026-04-02 13:17:21 - INFO - === 应用启动 ===
2026-04-02 13:17:28 - INFO - === 应用启动 ===
2026-04-02 13:17:38 - INFO - === 应用启动 ===
2026-04-02 13:17:45 - INFO - === 应用启动 ===
2026-04-02 13:26:58 - INFO - === 应用启动 ===
2026-04-02 13:27:19 - INFO - === 应用启动 ===
2026-04-02 13:27:31 - INFO - 文件上传成功: test2.xlsx, 17973行 x 23列
2026-04-02 13:27:31 - INFO - === 应用启动 ===
2026-04-02 13:28:00 - INFO - === 应用启动 ===
2026-04-02 13:28:11 - INFO - === 应用启动 ===
2026-04-02 13:28:16 - INFO - === 应用启动 ===
2026-04-02 13:28:23 - INFO - === 应用启动 ===
2026-04-02 13:28:28 - INFO - === 应用启动 ===
2026-04-02 13:28:36 - INFO - === 应用启动 ===
2026-04-02 13:28:38 - INFO - === 应用启动 ===
2026-04-02 13:28:40 - INFO - === 应用启动 ===
2026-04-02 13:28:48 - INFO - === 应用启动 ===
2026-04-02 13:28:53 - INFO - === 应用启动 ===
2026-04-02 13:28:57 - INFO - === 应用启动 ===
2026-04-02 13:29:14 - INFO - === 应用启动 ===
2026-04-02 13:29:21 - INFO - === 应用启动 ===
2026-04-02 14:01:21 - INFO - === 应用启动 ===
2026-04-02 14:01:54 - INFO - === 应用启动 ===
2026-04-02 14:02:07 - INFO - 文件上传成功: test2.xlsx, 17973行 x 23列
2026-04-02 14:02:07 - INFO - === 应用启动 ===
2026-04-02 14:16:04 - INFO - === 应用启动 ===
2026-04-02 14:16:09 - INFO - === 应用启动 ===
2026-04-02 14:16:14 - INFO - === 应用启动 ===
2026-04-02 14:16:19 - INFO - === 应用启动 ===
2026-04-02 14:16:25 - INFO - === 应用启动 ===
2026-04-02 14:16:29 - INFO - === 应用启动 ===
2026-04-02 14:16:34 - INFO - === 应用启动 ===
2026-04-02 14:16:40 - INFO - === 应用启动 ===
2026-04-02 14:16:44 - INFO - === 应用启动 ===
2026-04-02 14:16:51 - INFO - === 应用启动 ===
2026-04-02 14:16:57 - INFO - === 应用启动 ===
2026-04-02 14:17:01 - INFO - === 应用启动 ===
